<?xml version="1.0" encoding="UTF-8"?>
<!-- Generated by org.testng.reporters.JUnitReportReporter -->
<testsuite hostname="Lenovo-PC" name="project1.Test1" tests="1" failures="0" timestamp="8 Jan 2019 10:41:18 GMT" time="0.047" errors="0">
  <testcase name="testMethod1" time="0.047" classname="project1.Test1"/>
</testsuite> <!-- project1.Test1 -->
