<?xml version="1.0" encoding="UTF-8"?>
<!-- Generated by org.testng.reporters.JUnitReportReporter -->
<testsuite hostname="Lenovo-PC" name="project2.Test2" tests="1" failures="0" timestamp="8 Jan 2019 10:43:26 GMT" time="0.016" errors="0">
  <testcase name="testMethod2" time="0.016" classname="project2.Test2"/>
</testsuite> <!-- project2.Test2 -->
